<?xml version="1.0" encoding="UTF-8"?>
<!-- Generated by org.testng.reporters.JUnitReportReporter -->
<testsuite hostname="LAPTOP-RL7JVSAU" failures="0" tests="2" name="com.easytrack.testScript.TaskModule" time="0.008" errors="0" timestamp="2025-04-17T15:31:26 IST" skipped="0">
  <testcase classname="com.easytrack.testScript.TaskModule" name="user" time="0.004"/>
  <system-out>
    <![CDATA[This is user project-02]]>
  </system-out>
  <testcase classname="com.easytrack.testScript.TaskModule" name="demo" time="0.004"/>
  <system-out>
    <![CDATA[This is demo project-01]]>
  </system-out>
</testsuite> <!-- com.easytrack.testScript.TaskModule -->
