<?xml version="1.0" encoding="UTF-8"?>
<!-- Generated by org.testng.reporters.JUnitReportReporter -->
<testsuite hostname="LAPTOP-RL7JVSAU" failures="0" tests="1" name="com.easytrack.testScript.UserModule" time="34.193" errors="0" timestamp="2025-04-17T15:31:26 IST" skipped="0">
  <testcase classname="com.easytrack.testScript.UserModule" name="name" time="34.193"/>
  <system-out/>
</testsuite> <!-- com.easytrack.testScript.UserModule -->
