<?xml version="1.0" encoding="UTF-8"?>
<!-- Generated by org.testng.reporters.JUnitReportReporter -->
<testsuite hostname="LAPTOP-RL7JVSAU" failures="0" tests="1" name="com.easytrack.testScript.TaskModule" time="0.019" errors="0" timestamp="2025-03-06T11:30:42 IST" skipped="0">
  <testcase classname="com.easytrack.testScript.TaskModule" name="demo" time="0.019"/>
  <system-out>
    <![CDATA[This is demo project]]>
  </system-out>
</testsuite> <!-- com.easytrack.testScript.TaskModule -->
