<?xml version="1.0" encoding="UTF-8"?>
<!-- Generated by org.testng.reporters.JUnitReportReporter -->
<testsuite hostname="LAPTOP-RL7JVSAU" failures="0" tests="1" name="com.easytrack.testScript.UserModule" time="0.015" errors="0" timestamp="2025-03-10T10:47:26 IST" skipped="0">
  <testcase classname="com.easytrack.testScript.UserModule" name="name" time="0.015"/>
  <system-out>
    <![CDATA[User module created successfully]]>
  </system-out>
</testsuite> <!-- com.easytrack.testScript.UserModule -->
