<?xml version="1.0" encoding="UTF-8"?>
<!-- Generated by org.testng.reporters.JUnitReportReporter -->
<testsuite hostname="LAPTOP-RL7JVSAU" failures="0" tests="2" name="com.easytrack.testScript.TaskModule" time="0.001" errors="0" timestamp="2025-03-10T10:48:52 IST" skipped="0">
  <testcase classname="com.easytrack.testScript.TaskModule" name="user" time="0.000">
    <system-out>
      <![CDATA[This is user project-02]]>
    </system-out>
  </testcase> <!-- user -->
  <testcase classname="com.easytrack.testScript.TaskModule" name="demo" time="0.001">
    <system-out>
      <![CDATA[This is demo project-01]]>
    </system-out>
  </testcase> <!-- demo -->
  <system-out>
    <![CDATA[User module created successfully
This is demo project-01
This is user project-02]]>
  </system-out>
</testsuite> <!-- com.easytrack.testScript.TaskModule -->
