<?xml version="1.0" encoding="UTF-8"?>
<!-- Generated by org.testng.reporters.JUnitReportReporter -->
<testsuite hostname="LAPTOP-RL7JVSAU" failures="0" tests="1" name="com.easytrack.testScript.UserModule" time="0.010" errors="0" timestamp="2025-03-12T11:10:57 IST" skipped="0">
  <testcase classname="com.easytrack.testScript.UserModule" name="name" time="0.010">
    <system-out>
      <![CDATA[User module created successfully]]>
    </system-out>
  </testcase> <!-- name -->
  <system-out>
    <![CDATA[User module created successfully
This is demo project-01
This is user project-02]]>
  </system-out>
</testsuite> <!-- com.easytrack.testScript.UserModule -->
