<?xml version="1.0" encoding="UTF-8"?>
<!-- Generated by org.testng.reporters.JUnitReportReporter -->
<testsuite hostname="LAPTOP-RL7JVSAU" failures="0" tests="1" name="com.easytrack.testScript.UserModule" time="6.572" errors="0" timestamp="2025-04-17T15:37:34 IST" skipped="0">
  <testcase classname="com.easytrack.testScript.UserModule" name="name" time="6.572"/>
  <system-out>
    <![CDATA[This is demo project-01
This is user project-02]]>
  </system-out>
</testsuite> <!-- com.easytrack.testScript.UserModule -->
